serveo não está rodando
serveo não está rodando
serveo não está rodando
serveo não está rodando
serveo não está rodando
serveo não está rodando
serveo não está rodando
serveo não está rodando
serveo não está rodando
serveo não está rodando
serveo não está rodando
serveo não está rodando
serveo não está rodando
15/09/2019 ás 22:57: serveo não está rodando
15/09/2019 ás 22:57: serveo não está rodando
15/09/2019 ás 23:03: serveo não está rodando
15/09/2019 ás 23:03: serveo não está rodando
15/09/2019 ás 23:04: serveo não está rodando
15/09/2019 ás 23:04: serveo não está rodando
15/09/2019 ás 23:05: serveo não está rodando
15/09/2019 ás 23:05: serveo não está rodando
15/09/2019 ás 23:06: serveo não está rodando
16/09/2019 ás 17:43: serveo não está rodando
16/09/2019 ás 17:44: serveo não está rodando
16/09/2019 ás 17:44: serveo não está rodando
16/09/2019 ás 17:45: serveo não está rodando
16/09/2019 ás 17:45: serveo não está rodando
16/09/2019 ás 17:46: serveo não está rodando
16/09/2019 ás 17:46: serveo não está rodando
16/09/2019 ás 17:47: serveo não está rodando
16/09/2019 ás 17:47: serveo não está rodando
16/09/2019 ás 17:48: serveo não está rodando
16/09/2019 ás 17:48: serveo não está rodando
16/09/2019 ás 17:49: serveo não está rodando
16/09/2019 ás 17:49: serveo não está rodando
16/09/2019 ás 17:50: serveo não está rodando
16/09/2019 ás 17:50: serveo não está rodando
16/09/2019 ás 17:51: serveo não está rodando
16/09/2019 ás 17:51: serveo está rodando
000-default
ola
blog
novo
projetox
salao2
salao
site
teste
16/09/2019 ás 17:52: Baixando site: teste
16/09/2019 ás 17:52: serveo não está rodando
16/09/2019 ás 17:53: serveo não está rodando
16/09/2019 ás 17:53: serveo não está rodando
16/09/2019 ás 17:54: serveo não está rodando
16/09/2019 ás 17:54: serveo não está rodando
16/09/2019 ás 17:55: serveo está rodando
000-default
ola
blog
novo
projetox
salao2
salao
site
teste
16/09/2019 ás 17:55: Baixando site: teste
16/09/2019 ás 17:55: serveo não está rodando
16/09/2019 ás 17:56: serveo não está rodando
16/09/2019 ás 17:56: serveo não está rodando
16/09/2019 ás 17:57: serveo não está rodando
16/09/2019 ás 17:57: serveo não está rodando
16/09/2019 ás 17:58: serveo não está rodando
16/09/2019 ás 17:58: serveo não está rodando
16/09/2019 ás 17:59: serveo não está rodando
16/09/2019 ás 17:59: serveo está rodando
000-default
ola
blog
novo
16/09/2019 ás 18:00: Baixando site: novo
projetox
salao2
salao
site
teste
16/09/2019 ás 18:00: serveo está rodando
000-default
ola
blog
novo
projetox
salao2
salao
site
teste
16/09/2019 ás 18:01: serveo está rodando
000-default
ola
blog
novo
16/09/2019 ás 18:01: Baixando site: novo
projetox
salao2
salao
site
teste
16/09/2019 ás 18:01: serveo está rodando
000-default
ola
blog
novo
16/09/2019 ás 18:02: Baixando site: novo
projetox
salao2
salao
site
teste
16/09/2019 ás 18:02: serveo está rodando
000-default
ola
blog
novo
16/09/2019 ás 18:02: Baixando site: novo
projetox
salao2
salao
site
teste
16/09/2019 ás 18:03: serveo está rodando
000-default
ola
blog
novo
16/09/2019 ás 18:03: Baixando site: novo
projetox
salao2
salao
site
teste
16/09/2019 ás 18:03: serveo está rodando
000-default
ola
blog
novo
16/09/2019 ás 18:04: Baixando site: novo
projetox
salao2
salao
site
teste
16/09/2019 ás 18:04: serveo está rodando
000-default
ola
blog
novo
projetox
salao2
salao
site
teste
16/09/2019 ás 18:05: serveo não está rodando
16/09/2019 ás 18:05: serveo está rodando
000-default
ola
blog
novo
16/09/2019 ás 18:05: Baixando site: novo
projetox
salao2
salao
site
teste
16/09/2019 ás 18:06: serveo está rodando
000-default
ola
blog
novo
16/09/2019 ás 18:06: Baixando site: novo
projetox
salao2
salao
site
teste
16/09/2019 ás 18:07: serveo está rodando
000-default
ola
blog
novo
projetox
salao2
salao
site
teste
16/09/2019 ás 18:07: serveo não está rodando
16/09/2019 ás 18:08: serveo não está rodando
16/09/2019 ás 18:08: serveo está rodando
000-default
ola
blog
novo
projetox
salao2
salao
site
teste
16/09/2019 ás 18:09: serveo está rodando
000-default
ola
blog
novo
projetox
salao2
salao
site
teste
16/09/2019 ás 18:10: serveo está rodando
000-default
ola
blog
novo
projetox
salao2
salao
site
teste
16/09/2019 ás 18:10: serveo está rodando
000-default
ola
blog
novo
projetox
salao2
salao
site
teste
16/09/2019 ás 20:33: serveo não está rodando
16/09/2019 ás 20:34: serveo não está rodando
16/09/2019 ás 20:34: serveo não está rodando
16/09/2019 ás 20:35: serveo não está rodando
16/09/2019 ás 20:35: serveo não está rodando
16/09/2019 ás 20:36: serveo está rodando
000-default
ola
novo
projetox
salao2
salao
16/09/2019 ás 20:36: serveo está rodando
000-default
ola
novo
projetox
salao2
salao
16/09/2019 ás 20:37: serveo está rodando
000-default
ola
novo
projetox
salao2
salao
16/09/2019 ás 20:37: serveo está rodando
000-default
ola
novo
projetox
salao2
salao
